<?xml version="1.0" encoding="UTF-8"?>
<!-- Generated by org.testng.reporters.JUnitXMLReporter -->
<testsuite ignored="0" hostname="Bhavya" failures="0" tests="2" name="Error Validations Test" time="22.403" errors="0" timestamp="2025-02-28T23:47:14 IST">
  <testcase classname="Practice.Tests.ErrorValidationsTest" name="loginErrorMessage" time="1.379"/>
  <testcase classname="Practice.Tests.ErrorValidationsTest" name="productErrorMessage" time="5.241"/>
</testsuite> <!-- Error Validations Test -->
