<?xml version="1.0" encoding="UTF-8"?>
<testng-results ignored="0" total="2" passed="2" failed="0" skipped="0">
  <reporter-output>
  </reporter-output>
  <suite started-at="2025-02-28T23:46:50 IST" name="Suite" finished-at="2025-02-28T23:47:12 IST" duration-ms="22403">
    <groups>
      <group name="Smoke">
        <method signature="ErrorValidationsTest.loginErrorMessage()[pri:0, instance:Practice.Tests.ErrorValidationsTest@169bb4dd]" name="loginErrorMessage" class="Practice.Tests.ErrorValidationsTest"/>
      </group> <!-- Smoke -->
    </groups>
    <test started-at="2025-02-28T23:46:50 IST" name="Error Validations Test" finished-at="2025-02-28T23:47:12 IST" duration-ms="22403">
      <class name="Practice.Tests.ErrorValidationsTest">
        <test-method is-config="true" signature="launchApplication()[pri:0, instance:Practice.Tests.ErrorValidationsTest@169bb4dd]" started-at="2025-02-28T23:46:50 IST" name="launchApplication" finished-at="2025-02-28T23:46:57 IST" duration-ms="7487" status="PASS">
          <reporter-output>
          </reporter-output>
        </test-method> <!-- launchApplication -->
        <test-method signature="loginErrorMessage()[pri:0, instance:Practice.Tests.ErrorValidationsTest@169bb4dd]" started-at="2025-02-28T23:46:57 IST" name="loginErrorMessage" finished-at="2025-02-28T23:46:59 IST" duration-ms="1379" status="PASS">
          <reporter-output>
          </reporter-output>
        </test-method> <!-- loginErrorMessage -->
        <test-method is-config="true" signature="tearDown()[pri:0, instance:Practice.Tests.ErrorValidationsTest@169bb4dd]" started-at="2025-02-28T23:46:59 IST" name="tearDown" finished-at="2025-02-28T23:46:59 IST" duration-ms="342" status="PASS">
          <reporter-output>
          </reporter-output>
        </test-method> <!-- tearDown -->
        <test-method is-config="true" signature="launchApplication()[pri:0, instance:Practice.Tests.ErrorValidationsTest@169bb4dd]" started-at="2025-02-28T23:46:59 IST" name="launchApplication" finished-at="2025-02-28T23:47:07 IST" duration-ms="7630" status="PASS">
          <reporter-output>
          </reporter-output>
        </test-method> <!-- launchApplication -->
        <test-method signature="productErrorMessage()[pri:0, instance:Practice.Tests.ErrorValidationsTest@169bb4dd]" started-at="2025-02-28T23:47:07 IST" name="productErrorMessage" finished-at="2025-02-28T23:47:12 IST" duration-ms="5241" status="PASS">
          <reporter-output>
          </reporter-output>
        </test-method> <!-- productErrorMessage -->
        <test-method is-config="true" signature="tearDown()[pri:0, instance:Practice.Tests.ErrorValidationsTest@169bb4dd]" started-at="2025-02-28T23:47:12 IST" name="tearDown" finished-at="2025-02-28T23:47:12 IST" duration-ms="280" status="PASS">
          <reporter-output>
          </reporter-output>
        </test-method> <!-- tearDown -->
      </class> <!-- Practice.Tests.ErrorValidationsTest -->
    </test> <!-- Error Validations Test -->
  </suite> <!-- Suite -->
</testng-results>
