<?xml version="1.0" encoding="UTF-8"?>
<testng-results ignored="0" total="3" passed="3" failed="0" skipped="0">
  <reporter-output>
  </reporter-output>
  <suite started-at="2025-05-08T00:24:58 IST" name="Default suite" finished-at="2025-05-08T00:24:58 IST" duration-ms="54">
    <groups>
    </groups>
    <test started-at="2025-05-08T00:24:58 IST" name="Default test" finished-at="2025-05-08T00:24:58 IST" duration-ms="54">
      <class name="Practice.Tests.Test3">
        <test-method signature="test()[pri:0, instance:Practice.Tests.Test3@74f0ea28]" started-at="2025-05-08T00:24:58 IST" name="test" finished-at="2025-05-08T00:24:58 IST" duration-ms="9" status="PASS">
          <reporter-output>
          </reporter-output>
        </test-method> <!-- test -->
        <test-method signature="test1()[pri:0, instance:Practice.Tests.Test3@74f0ea28]" started-at="2025-05-08T00:24:58 IST" name="test1" finished-at="2025-05-08T00:24:58 IST" duration-ms="1" status="PASS">
          <reporter-output>
          </reporter-output>
        </test-method> <!-- test1 -->
        <test-method signature="test2()[pri:0, instance:Practice.Tests.Test3@74f0ea28]" started-at="2025-05-08T00:24:58 IST" name="test2" finished-at="2025-05-08T00:24:58 IST" duration-ms="0" status="PASS">
          <reporter-output>
          </reporter-output>
        </test-method> <!-- test2 -->
      </class> <!-- Practice.Tests.Test3 -->
    </test> <!-- Default test -->
  </suite> <!-- Default suite -->
</testng-results>
